0 verbose cli /usr/local/bin/node /usr/local/bin/npm
1 info using npm@10.9.2
2 info using node@v22.17.0
3 silly config load:file:/usr/local/lib/node_modules/npm/npmrc
4 silly config load:file:/Users/naomatsuoka/Documents/開発/cnp/20250720orochi_asapost/kinenbi-orochi-bot/.npmrc
5 silly config load:file:/Users/naomatsuoka/.npmrc
6 silly config load:file:/usr/local/etc/npmrc
7 verbose title npm install discord.js@^14 node-cron@^3 axios dotenv pino
8 verbose argv "install" "--cache" "./.npm" "discord.js@^14" "node-cron@^3" "axios" "dotenv" "pino"
9 verbose logfile logs-max:10 dir:/Users/naomatsuoka/Documents/開発/cnp/20250720orochi_asapost/kinenbi-orochi-bot/.npm/_logs/2025-07-19T23_15_41_136Z-
10 verbose logfile /Users/naomatsuoka/Documents/開発/cnp/20250720orochi_asapost/kinenbi-orochi-bot/.npm/_logs/2025-07-19T23_15_41_136Z-debug-0.log
11 silly logfile done cleaning log files
12 silly packumentCache heap:2197815296 maxSize:549453824 maxEntrySize:274726912
13 silly idealTree buildDeps
14 silly fetch manifest axios@^1.10.0
15 silly packumentCache full:https://registry.npmjs.org/axios cache-miss
16 verbose shrinkwrap failed to load node_modules/.package-lock.json out of date, updated: node_modules
17 http fetch GET 200 https://registry.npmjs.org/npm 186ms
18 http fetch GET 200 https://registry.npmjs.org/axios 128ms (cache miss)
19 silly packumentCache full:https://registry.npmjs.org/axios set size:undefined disposed:false
20 silly fetch manifest discord.js@^14
21 silly packumentCache full:https://registry.npmjs.org/discord.js cache-miss
22 http fetch GET 200 https://registry.npmjs.org/discord.js 146ms (cache miss)
23 silly packumentCache full:https://registry.npmjs.org/discord.js set size:undefined disposed:false
24 silly fetch manifest dotenv@^17.2.0
25 silly packumentCache full:https://registry.npmjs.org/dotenv cache-miss
26 http fetch GET 200 https://registry.npmjs.org/dotenv 41ms (cache miss)
27 silly packumentCache full:https://registry.npmjs.org/dotenv set size:undefined disposed:false
28 silly fetch manifest node-cron@^3
29 silly packumentCache full:https://registry.npmjs.org/node-cron cache-miss
30 http fetch GET 200 https://registry.npmjs.org/node-cron 36ms (cache miss)
31 silly packumentCache full:https://registry.npmjs.org/node-cron set size:undefined disposed:false
32 silly fetch manifest pino@^9.7.0
33 silly packumentCache full:https://registry.npmjs.org/pino cache-miss
34 http fetch GET 200 https://registry.npmjs.org/pino 51ms (cache miss)
35 silly packumentCache full:https://registry.npmjs.org/pino set size:undefined disposed:false
36 silly placeDep ROOT axios@1.10.0 REPLACE for: kinenbi-orochi-bot@1.0.0 want: ^1.10.0
37 silly placeDep ROOT discord.js@14.21.0 REPLACE for: kinenbi-orochi-bot@1.0.0 want: ^14
38 silly placeDep ROOT dotenv@17.2.0 REPLACE for: kinenbi-orochi-bot@1.0.0 want: ^17.2.0
39 silly placeDep ROOT node-cron@3.0.3 REPLACE for: kinenbi-orochi-bot@1.0.0 want: ^3
40 silly placeDep ROOT pino@9.7.0 REPLACE for: kinenbi-orochi-bot@1.0.0 want: ^9.7.0
41 silly reify moves {}
42 silly audit bulk request {
42 silly audit   '@discordjs/builders': [ '1.11.2' ],
42 silly audit   '@discordjs/collection': [ '1.5.3', '2.1.1' ],
42 silly audit   '@discordjs/formatters': [ '0.6.1' ],
42 silly audit   '@discordjs/rest': [ '2.5.1' ],
42 silly audit   '@discordjs/util': [ '1.1.1' ],
42 silly audit   '@discordjs/ws': [ '1.2.3' ],
42 silly audit   '@sapphire/async-queue': [ '1.5.5' ],
42 silly audit   '@sapphire/shapeshift': [ '4.0.0' ],
42 silly audit   '@sapphire/snowflake': [ '3.5.3' ],
42 silly audit   '@types/node': [ '24.0.15' ],
42 silly audit   '@types/ws': [ '8.18.1' ],
42 silly audit   '@vladfrangu/async_event_emitter': [ '2.4.6' ],
42 silly audit   asynckit: [ '0.4.0' ],
42 silly audit   'atomic-sleep': [ '1.0.0' ],
42 silly audit   'call-bind-apply-helpers': [ '1.0.2' ],
42 silly audit   'combined-stream': [ '1.0.8' ],
42 silly audit   'delayed-stream': [ '1.0.0' ],
42 silly audit   'discord-api-types': [ '0.38.16' ],
42 silly audit   'dunder-proto': [ '1.0.1' ],
42 silly audit   'es-define-property': [ '1.0.1' ],
42 silly audit   'es-errors': [ '1.3.0' ],
42 silly audit   'es-object-atoms': [ '1.1.1' ],
42 silly audit   'es-set-tostringtag': [ '2.1.0' ],
42 silly audit   'fast-deep-equal': [ '3.1.3' ],
42 silly audit   'fast-redact': [ '3.5.0' ],
42 silly audit   'follow-redirects': [ '1.15.9' ],
42 silly audit   'form-data': [ '4.0.4' ],
42 silly audit   'function-bind': [ '1.1.2' ],
42 silly audit   'get-intrinsic': [ '1.3.0' ],
42 silly audit   'get-proto': [ '1.0.1' ],
42 silly audit   gopd: [ '1.2.0' ],
42 silly audit   'has-symbols': [ '1.1.0' ],
42 silly audit   'has-tostringtag': [ '1.0.2' ],
42 silly audit   hasown: [ '2.0.2' ],
42 silly audit   lodash: [ '4.17.21' ],
42 silly audit   'lodash.snakecase': [ '4.1.1' ],
42 silly audit   'magic-bytes.js': [ '1.12.1' ],
42 silly audit   'math-intrinsics': [ '1.1.0' ],
42 silly audit   'mime-db': [ '1.52.0' ],
42 silly audit   'mime-types': [ '2.1.35' ],
42 silly audit   'on-exit-leak-free': [ '2.1.2' ],
42 silly audit   'pino-abstract-transport': [ '2.0.0' ],
42 silly audit   'pino-std-serializers': [ '7.0.0' ],
42 silly audit   'process-warning': [ '5.0.0' ],
42 silly audit   'proxy-from-env': [ '1.1.0' ],
42 silly audit   'quick-format-unescaped': [ '4.0.4' ],
42 silly audit   'real-require': [ '0.2.0' ],
42 silly audit   'safe-stable-stringify': [ '2.5.0' ],
42 silly audit   'sonic-boom': [ '4.2.0' ],
42 silly audit   split2: [ '4.2.0' ],
42 silly audit   'thread-stream': [ '3.1.0' ],
42 silly audit   'ts-mixer': [ '6.0.4' ],
42 silly audit   tslib: [ '2.8.1' ],
42 silly audit   undici: [ '6.21.3' ],
42 silly audit   'undici-types': [ '7.8.0' ],
42 silly audit   uuid: [ '8.3.2' ],
42 silly audit   ws: [ '8.18.3' ],
42 silly audit   axios: [ '1.10.0' ],
42 silly audit   'discord.js': [ '14.21.0' ],
42 silly audit   dotenv: [ '17.2.0' ],
42 silly audit   'node-cron': [ '3.0.3' ],
42 silly audit   pino: [ '9.7.0' ]
42 silly audit }
43 http fetch POST 200 https://registry.npmjs.org/-/npm/v1/security/advisories/bulk 185ms
44 silly audit report {}
45 verbose cwd /Users/naomatsuoka/Documents/開発/cnp/20250720orochi_asapost/kinenbi-orochi-bot
46 verbose os Darwin 24.5.0
47 verbose node v22.17.0
48 verbose npm  v10.9.2
49 notice
49 notice New major version of npm available! 10.9.2 -> 11.4.2
49 notice Changelog: https://github.com/npm/cli/releases/tag/v11.4.2
49 notice To update run: npm install -g npm@11.4.2
49 notice  { force: true, [Symbol(proc-log.meta)]: true }
50 verbose exit 0
51 info ok
